#
# There is insufficient memory for the Java Runtime Environment to continue.
# Native memory allocation (malloc) failed to allocate 1048576 bytes for AllocateHeap
# Possible reasons:
#   The system is out of physical RAM or swap space
#   The process is running with CompressedOops enabled, and the Java Heap may be blocking the growth of the native heap
# Possible solutions:
#   Reduce memory load on the system
#   Increase physical memory or swap space
#   Check if swap backing store is full
#   Decrease Java heap size (-Xmx/-Xms)
#   Decrease number of Java threads
#   Decrease Java thread stack sizes (-Xss)
#   Set larger code cache with -XX:ReservedCodeCacheSize=
#   JVM is running with Unscaled Compressed Oops mode in which the Java heap is
#     placed in the first 4GB address space. The Java Heap base address is the
#     maximum limit for the native heap growth. Please use -XX:HeapBaseMinAddress
#     to set the Java Heap base and to place the Java Heap above 4GB virtual address.
# This output file may be truncated or incomplete.
#
#  Out of Memory Error (memory/allocation.inline.hpp:61), pid=44636, tid=0x000000000000afac
#
# JRE version:  (8.0_231-b11) (build )
# Java VM: Java HotSpot(TM) 64-Bit Server VM (25.231-b11 mixed mode windows-amd64 compressed oops)
# Failed to write core dump. Minidumps are not enabled by default on client versions of Windows
#

---------------  T H R E A D  ---------------

Current thread (0x0000000003195800):  JavaThread "Unknown thread" [_thread_in_vm, id=44972, stack(0x0000000002f50000,0x0000000003050000)]

Stack: [0x0000000002f50000,0x0000000003050000]
[error occurred during error reporting (printing stack bounds), id 0xc0000005]

Native frames: (J=compiled Java code, j=interpreted, Vv=VM code, C=native code)


---------------  P R O C E S S  ---------------

Java Threads: ( => current thread )

Other Threads:

=>0x0000000003195800 (exited) JavaThread "Unknown thread" [_thread_in_vm, id=44972, stack(0x0000000002f50000,0x0000000003050000)]

VM state:not at safepoint (normal execution)

VM Mutex/Monitor currently owned by a thread: None

heap address: 0x0000000081c00000, size: 2020 MB, Compressed Oops mode: 32-bit
Narrow klass base: 0x0000000000000000, Narrow klass shift: 3
Compressed class space size: 1073741824 Address: 0x0000000100000000

Heap:
 PSYoungGen      total 38400K, used 665K [0x00000000d5f00000, 0x00000000d8980000, 0x0000000100000000)
  eden space 33280K, 2% used [0x00000000d5f00000,0x00000000d5fa6670,0x00000000d7f80000)
  from space 5120K, 0% used [0x00000000d8480000,0x00000000d8480000,0x00000000d8980000)
  to   space 5120K, 0% used [0x00000000d7f80000,0x00000000d7f80000,0x00000000d8480000)
 ParOldGen       total 87552K, used 0K [0x0000000081c00000, 0x0000000087180000, 0x00000000d5f00000)
  object space 87552K, 0% used [0x0000000081c00000,0x0000000081c00000,0x0000000087180000)
 Metaspace       used 776K, capacity 4480K, committed 4480K, reserved 1056768K
  class space    used 76K, capacity 384K, committed 384K, reserved 1048576K

Card table byte_map: [0x0000000012650000,0x0000000012a50000] byte_map_base: 0x0000000012242000

Marking Bits: (ParMarkBitMap*) 0x0000000075636d90
 Begin Bits: [0x0000000013100000, 0x0000000015090000)
 End Bits:   [0x0000000015090000, 0x0000000017020000)

Polling page: 0x00000000011b0000

CodeCache: size=245760Kb used=328Kb max_used=328Kb free=245431Kb
 bounds [0x0000000003290000, 0x0000000003500000, 0x0000000012290000]
 total_blobs=58 nmethods=0 adapters=38
 compilation: enabled

Compilation events (0 events):
No events

GC Heap History (0 events):
No events

Deoptimization events (0 events):
No events

Classes redefined (0 events):
No events

Internal exceptions (0 events):
No events

Events (10 events):
Event: 0.092 loading class java/lang/Short
Event: 0.092 loading class java/lang/Short done
Event: 0.092 loading class java/lang/Integer
Event: 0.093 loading class java/lang/Integer done
Event: 0.093 loading class java/lang/Long
Event: 0.093 loading class java/lang/Long done
Event: 0.094 loading class java/lang/NullPointerException
Event: 0.094 loading class java/lang/NullPointerException done
Event: 0.094 loading class java/lang/ArithmeticException
Event: 0.094 loading class java/lang/ArithmeticException done


Dynamic libraries:
0x00007ff7b9e40000 - 0x00007ff7b9e77000 	D:\Java\jdk1.8.0_231\bin\java.exe
0x00007fff377a0000 - 0x00007fff37990000 	C:\WINDOWS\SYSTEM32\ntdll.dll
0x00007fff36b00000 - 0x00007fff36bb2000 	C:\WINDOWS\System32\KERNEL32.DLL
0x00007fff34a60000 - 0x00007fff34d03000 	C:\WINDOWS\System32\KERNELBASE.dll
0x00007fff37060000 - 0x00007fff37103000 	C:\WINDOWS\System32\ADVAPI32.dll
0x00007fff376c0000 - 0x00007fff3775e000 	C:\WINDOWS\System32\msvcrt.dll
0x00007fff36c40000 - 0x00007fff36cd7000 	C:\WINDOWS\System32\sechost.dll
0x00007fff35880000 - 0x00007fff359a0000 	C:\WINDOWS\System32\RPCRT4.dll
0x00007fff36ec0000 - 0x00007fff37054000 	C:\WINDOWS\System32\USER32.dll
0x00007fff35800000 - 0x00007fff35821000 	C:\WINDOWS\System32\win32u.dll
0x00007fff36ad0000 - 0x00007fff36af6000 	C:\WINDOWS\System32\GDI32.dll
0x00007fff34ee0000 - 0x00007fff35074000 	C:\WINDOWS\System32\gdi32full.dll
0x00007fff34d40000 - 0x00007fff34dde000 	C:\WINDOWS\System32\msvcp_win.dll
0x00007fff34de0000 - 0x00007fff34eda000 	C:\WINDOWS\System32\ucrtbase.dll
0x00007fff27c10000 - 0x00007fff27e95000 	C:\WINDOWS\WinSxS\amd64_microsoft.windows.common-controls_6595b64144ccf1df_6.0.18362.592_none_e6c0b1911312be02\COMCTL32.dll
0x00007fff36790000 - 0x00007fff36ac6000 	C:\WINDOWS\System32\combase.dll
0x00007fff349e0000 - 0x00007fff34a60000 	C:\WINDOWS\System32\bcryptPrimitives.dll
0x00007fff35850000 - 0x00007fff3587e000 	C:\WINDOWS\System32\IMM32.DLL
0x00000000756c0000 - 0x0000000075792000 	D:\Java\jdk1.8.0_231\jre\bin\msvcr100.dll
0x0000000074e10000 - 0x00000000756b6000 	D:\Java\jdk1.8.0_231\jre\bin\server\jvm.dll
0x00007fff35b50000 - 0x00007fff35b58000 	C:\WINDOWS\System32\PSAPI.DLL
0x00007fff31410000 - 0x00007fff31419000 	C:\WINDOWS\SYSTEM32\WSOCK32.dll
0x00007fff36ce0000 - 0x00007fff36d4f000 	C:\WINDOWS\System32\WS2_32.dll
0x00007fff30f50000 - 0x00007fff30f74000 	C:\WINDOWS\SYSTEM32\WINMM.dll
0x00007fff2d340000 - 0x00007fff2d34a000 	C:\WINDOWS\SYSTEM32\VERSION.dll
0x00007fff30f20000 - 0x00007fff30f4d000 	C:\WINDOWS\SYSTEM32\WINMMBASE.dll
0x00007fff34990000 - 0x00007fff349da000 	C:\WINDOWS\System32\cfgmgr32.dll
0x00007fff312f0000 - 0x00007fff312ff000 	D:\Java\jdk1.8.0_231\jre\bin\verify.dll
0x00007fff28140000 - 0x00007fff28169000 	D:\Java\jdk1.8.0_231\jre\bin\java.dll
0x00007fff25a50000 - 0x00007fff25a73000 	D:\Java\jdk1.8.0_231\jre\bin\instrument.dll
0x00007fff28540000 - 0x00007fff28556000 	D:\Java\jdk1.8.0_231\jre\bin\zip.dll

VM Arguments:
jvm_args: -XX:TieredStopAtLevel=1 -Xverify:none -Dspring.output.ansi.enabled=always -Dcom.sun.management.jmxremote -Dspring.jmx.enabled=true -Dspring.liveBeansView.mbeanDomain -Dspring.application.admin.enabled=true -javaagent:D:\JetBrains\IntelliJ IDEA 2019.3.1\lib\idea_rt.jar=58160:D:\JetBrains\IntelliJ IDEA 2019.3.1\bin -Dfile.encoding=UTF-8 
java_command: com.jo.bookmanage.BookManageApplication
java_class_path (initial): D:\Java\jdk1.8.0_231\jre\lib\charsets.jar;D:\Java\jdk1.8.0_231\jre\lib\deploy.jar;D:\Java\jdk1.8.0_231\jre\lib\ext\access-bridge-64.jar;D:\Java\jdk1.8.0_231\jre\lib\ext\cldrdata.jar;D:\Java\jdk1.8.0_231\jre\lib\ext\dnsns.jar;D:\Java\jdk1.8.0_231\jre\lib\ext\jaccess.jar;D:\Java\jdk1.8.0_231\jre\lib\ext\jfxrt.jar;D:\Java\jdk1.8.0_231\jre\lib\ext\localedata.jar;D:\Java\jdk1.8.0_231\jre\lib\ext\nashorn.jar;D:\Java\jdk1.8.0_231\jre\lib\ext\sunec.jar;D:\Java\jdk1.8.0_231\jre\lib\ext\sunjce_provider.jar;D:\Java\jdk1.8.0_231\jre\lib\ext\sunmscapi.jar;D:\Java\jdk1.8.0_231\jre\lib\ext\sunpkcs11.jar;D:\Java\jdk1.8.0_231\jre\lib\ext\zipfs.jar;D:\Java\jdk1.8.0_231\jre\lib\javaws.jar;D:\Java\jdk1.8.0_231\jre\lib\jce.jar;D:\Java\jdk1.8.0_231\jre\lib\jfr.jar;D:\Java\jdk1.8.0_231\jre\lib\jfxswt.jar;D:\Java\jdk1.8.0_231\jre\lib\jsse.jar;D:\Java\jdk1.8.0_231\jre\lib\management-agent.jar;D:\Java\jdk1.8.0_231\jre\lib\plugin.jar;D:\Java\jdk1.8.0_231\jre\lib\resources.jar;D:\Java\jdk1.8.0_231\jre\lib\rt.jar;C:\Users\jokaki\IdeaProjects\library-manage\target\classes;D:\Java\maven_repository\org\springframework\boot\spring-boot-starter-jdbc\2.2.5.RELEASE\spring-boot-starter-jdbc-2.2.5.RELEASE.jar;D:\Java\maven_repository\org\springframework\boot\spring-boot-starter\2.2.5.RELEASE\spring-boot-starter-2.2.5.RELEASE.jar;D:\Java\maven_repository\org\springframework\boot\spring-boot\2.2.5.RELEASE\spring-boot-2.2.5.RELEASE.jar;D:\Java\maven_repository\org\springframework\boot\spring-boot-starter-logging\2.2.5.RELEASE\spring-boot-starter-logging-2.2.5.RELEASE.jar;D:\Java\maven_repository\ch\qos\logback\logback-classic\1.2.3\logback-classic-1.2.3.jar;D:\Java\maven_repository\ch\qos\logback\logback-core\1.2.3\logback-core-1.2.3.jar;D:\Java\maven_repository\org\apache\logging\log4j\log4j-to-slf4j\2.12.1\log4j-to-slf4j-2.12.1.jar;D:\Java\maven_repository\org\apache\logging\log4j\log4j-api\2.12.1\log4j-api-2.12.1.jar;D:\Java\maven_repository\org\slf4j\jul-to-slf4j\1.7.30\jul
Launcher Type: SUN_STANDARD

Environment Variables:
JAVA_HOME=D:\Java\jdk1.8.0_231
PATH=C:\Program Files (x86)\Intel\iCLS Client\;C:\Program Files\Intel\iCLS Client\;C:\Windows\system32;C:\Windows;C:\Windows\System32\Wbem;C:\Windows\System32\WindowsPowerShell\v1.0\;C:\Program Files (x86)\Intel\Intel(R) Management Engine Components\DAL;C:\Program Files\Intel\Intel(R) Management Engine Components\DAL;C:\Program Files (x86)\Intel\Intel(R) Management Engine Components\IPT;C:\Program Files\Intel\Intel(R) Management Engine Components\IPT;C:\Program Files (x86)\NVIDIA Corporation\PhysX\Common;C:\WINDOWS\system32;C:\WINDOWS;C:\WINDOWS\System32\Wbem;C:\WINDOWS\System32\WindowsPowerShell\v1.0\;C:\WINDOWS\System32\OpenSSH\;C:\Program Files\dotnet\;D:\Java\jdk1.8.0_231\bin;C:\Program Files\MySQL\MySQL Server 5.7\bin;D:\Java\apache-maven-3.6.3\bin;D:\ProgramData\Anaconda3;D:\ProgramData\Anaconda3\Library\mingw-w64\bin;D:\ProgramData\Anaconda3\Library\usr\bin;D:\ProgramData\Anaconda3\Library\bin;D:\ProgramData\Anaconda3\Scripts;C:\Users\jokaki\AppData\Local\Programs\Python\Python38\Scripts\;C:\Users\jokaki\AppData\Local\Programs\Python\Python38\;C:\Users\jokaki\AppData\Local\Programs\Python\Launcher\;C:\Users\jokaki\AppData\Local\Microsoft\WindowsApps;;D:\ProgramData\PyCharm Community Edition 2019.2\bin;
USERNAME=jokaki
OS=Windows_NT
PROCESSOR_IDENTIFIER=Intel64 Family 6 Model 158 Stepping 9, GenuineIntel



---------------  S Y S T E M  ---------------

OS: Windows 10.0 , 64 bit Build 18362 (10.0.18362.329)

CPU:total 4 (initial active 4) (4 cores per cpu, 1 threads per core) family 6 model 158 stepping 9, cmov, cx8, fxsr, mmx, sse, sse2, sse3, ssse3, sse4.1, sse4.2, popcnt, avx, avx2, aes, clmul, erms, 3dnowpref, lzcnt, tsc, tscinvbit, bmi1, bmi2, adx

Memory: 4k page, physical 8269416k(1032608k free), swap 23752676k(4400k free)

vm_info: Java HotSpot(TM) 64-Bit Server VM (25.231-b11) for windows-amd64 JRE (1.8.0_231-b11), built on Oct  5 2019 03:11:30 by "java_re" with MS VC++ 10.0 (VS2010)

time: Wed Mar 04 16:39:48 2020
timezone: 中国标准时间
elapsed time: 0 seconds (0d 0h 0m 0s)

